2026-02-10 13:02:16,502 - INFO - Running Process Scan...
2026-02-10 13:02:18,690 - INFO - Parsing Windows Logs...
2026-02-10 13:02:18,930 - INFO - Parsing USB Logs...
2026-02-10 13:02:24,712 - INFO - Running ML Anomaly Detection & Active Response...
2026-02-10 13:02:26,248 - INFO - Cycle completed in 9.75s
2026-02-10 13:02:50,682 - INFO - Running Process Scan...
2026-02-10 13:02:52,924 - INFO - Parsing Windows Logs...
2026-02-10 13:02:53,146 - INFO - Parsing USB Logs...
2026-02-10 13:02:56,975 - INFO - Running ML Anomaly Detection & Active Response...
2026-02-10 13:02:57,784 - INFO - Cycle completed in 7.10s
2026-02-10 13:03:20,683 - INFO - Running Process Scan...
2026-02-10 13:03:22,882 - INFO - Parsing Windows Logs...
2026-02-10 13:03:23,148 - INFO - Parsing USB Logs...
2026-02-10 13:03:26,982 - INFO - Running ML Anomaly Detection & Active Response...
2026-02-10 13:03:27,739 - INFO - Cycle completed in 7.06s
2026-02-10 13:12:09,073 - INFO - Running Process Scan...
2026-02-10 13:12:11,303 - INFO - Parsing Windows Logs...
2026-02-10 13:12:11,458 - INFO - Parsing USB Logs...
2026-02-10 13:12:16,461 - INFO - Running ML Anomaly Detection & Active Response...
2026-02-10 13:12:18,582 - INFO - Cycle completed in 9.51s
2026-02-10 13:12:39,074 - INFO - Running Process Scan...
2026-02-10 13:12:41,263 - INFO - Parsing Windows Logs...
2026-02-10 13:12:41,463 - INFO - Parsing USB Logs...
2026-02-10 13:12:46,092 - INFO - Running ML Anomaly Detection & Active Response...
2026-02-10 13:12:47,615 - INFO - Cycle completed in 8.54s
2026-02-10 13:13:09,075 - INFO - Running Process Scan...
2026-02-10 13:13:11,287 - INFO - Parsing Windows Logs...
2026-02-10 13:13:11,472 - INFO - Parsing USB Logs...
2026-02-10 13:13:16,851 - INFO - Running ML Anomaly Detection & Active Response...
2026-02-10 13:13:18,342 - INFO - Cycle completed in 9.27s
2026-02-10 13:17:43,031 - INFO - Running Process Scan...
2026-02-10 13:17:45,260 - INFO - Parsing Windows Logs...
2026-02-10 13:17:45,409 - INFO - Parsing USB Logs...
2026-02-10 13:17:49,490 - INFO - Running ML Anomaly Detection & Active Response...
2026-02-10 13:17:50,928 - INFO - Cycle completed in 7.90s
2026-02-10 13:18:13,032 - INFO - Running Process Scan...
2026-02-10 13:18:15,240 - INFO - Parsing Windows Logs...
2026-02-10 13:18:15,376 - INFO - Parsing USB Logs...
2026-02-10 13:18:19,042 - INFO - Running ML Anomaly Detection & Active Response...
2026-02-10 13:18:20,612 - INFO - Cycle completed in 7.58s
2026-02-10 13:20:42,635 - INFO - Running Process Scan...
2026-02-10 13:20:44,875 - INFO - Parsing Windows Logs...
2026-02-10 13:20:45,034 - INFO - Parsing USB Logs...
2026-02-10 13:20:50,549 - INFO - Running ML Anomaly Detection & Active Response...
2026-02-10 13:20:52,354 - INFO - Cycle completed in 9.72s
2026-02-10 13:21:12,635 - INFO - Running Process Scan...
2026-02-10 13:21:14,857 - INFO - Parsing Windows Logs...
2026-02-10 13:21:15,012 - INFO - Parsing USB Logs...
2026-02-10 13:21:20,033 - INFO - Running ML Anomaly Detection & Active Response...
2026-02-10 13:21:21,670 - INFO - Cycle completed in 9.03s
2026-02-10 13:35:32,627 - INFO - Running Process Scan...
2026-02-10 13:35:34,869 - INFO - Parsing Windows Logs...
2026-02-10 13:35:35,026 - INFO - Parsing USB Logs...
2026-02-10 13:35:39,482 - INFO - Running ML Anomaly Detection & Active Response...
2026-02-10 13:35:41,135 - INFO - Cycle completed in 8.51s
2026-02-10 13:36:02,628 - INFO - Running Process Scan...
2026-02-10 13:36:04,840 - INFO - Parsing Windows Logs...
2026-02-10 13:36:05,029 - INFO - Parsing USB Logs...
2026-02-10 13:36:08,739 - INFO - Running ML Anomaly Detection & Active Response...
2026-02-10 13:36:10,338 - INFO - Cycle completed in 7.71s
2026-02-10 13:41:30,774 - INFO - Running Process Scan...
2026-02-10 13:41:32,929 - INFO - Parsing Windows Logs...
2026-02-10 13:41:33,033 - INFO - Parsing USB Logs...
2026-02-10 13:41:35,098 - INFO - Running ML Anomaly Detection & Active Response...
2026-02-10 13:41:36,080 - INFO - Cycle completed in 5.31s
2026-02-10 13:47:55,316 - INFO - Running Process Scan...
2026-02-10 13:47:57,464 - INFO - Parsing Windows Logs...
2026-02-10 13:47:57,546 - INFO - Parsing USB Logs...
2026-02-10 13:47:59,398 - INFO - Running ML Anomaly Detection & Active Response...
2026-02-10 13:48:00,406 - INFO - Cycle completed in 5.09s
2026-02-15 15:53:15,578 - INFO - Running Process Scan...
2026-02-15 15:53:16,841 - INFO - Parsing Windows Logs...
2026-02-15 15:53:16,960 - INFO - Parsing USB Logs...
2026-02-15 15:53:24,988 - INFO - Running ML Anomaly Detection & Active Response...
2026-02-15 15:53:25,027 - ERROR - ML Detection Failed: 'username'
2026-02-15 15:53:25,027 - INFO - Cycle completed in 9.45s
2026-02-15 15:53:45,578 - INFO - Running Process Scan...
2026-02-15 15:53:46,409 - INFO - Parsing Windows Logs...
2026-02-15 15:53:46,423 - INFO - Parsing USB Logs...
2026-02-15 15:53:53,342 - INFO - Running ML Anomaly Detection & Active Response...
2026-02-15 15:53:53,357 - ERROR - ML Detection Failed: 'username'
2026-02-15 15:53:53,358 - INFO - Cycle completed in 7.78s
2026-02-15 15:54:15,579 - INFO - Running Process Scan...
2026-02-15 15:54:16,396 - INFO - Parsing Windows Logs...
2026-02-15 15:54:16,411 - INFO - Parsing USB Logs...
2026-02-15 15:54:22,940 - INFO - Running ML Anomaly Detection & Active Response...
2026-02-15 15:54:22,951 - ERROR - ML Detection Failed: 'username'
2026-02-15 15:54:22,951 - INFO - Cycle completed in 7.37s
2026-02-15 15:54:45,580 - INFO - Running Process Scan...
2026-02-15 15:54:46,381 - INFO - Parsing Windows Logs...
2026-02-15 15:54:46,397 - INFO - Parsing USB Logs...
2026-02-15 15:54:53,105 - INFO - Running ML Anomaly Detection & Active Response...
2026-02-15 15:54:53,122 - ERROR - ML Detection Failed: 'username'
2026-02-15 15:54:53,122 - INFO - Cycle completed in 7.54s
2026-02-15 15:55:15,580 - INFO - Running Process Scan...
2026-02-15 15:55:16,397 - INFO - Parsing Windows Logs...
2026-02-15 15:55:16,414 - INFO - Parsing USB Logs...
2026-02-15 15:55:23,220 - INFO - Running ML Anomaly Detection & Active Response...
2026-02-15 15:55:23,232 - ERROR - ML Detection Failed: 'username'
2026-02-15 15:55:23,232 - INFO - Cycle completed in 7.65s
2026-02-15 15:55:45,581 - INFO - Running Process Scan...
2026-02-15 15:55:46,428 - INFO - Parsing Windows Logs...
2026-02-15 15:55:46,441 - INFO - Parsing USB Logs...
2026-02-15 15:55:54,023 - INFO - Running ML Anomaly Detection & Active Response...
2026-02-15 15:55:54,036 - ERROR - ML Detection Failed: 'username'
2026-02-15 15:55:54,036 - INFO - Cycle completed in 8.46s
2026-02-15 15:56:15,581 - INFO - Running Process Scan...
2026-02-15 15:56:16,389 - INFO - Parsing Windows Logs...
2026-02-15 15:56:16,403 - INFO - Parsing USB Logs...
2026-02-15 15:56:23,002 - INFO - Running ML Anomaly Detection & Active Response...
2026-02-15 15:56:23,015 - ERROR - ML Detection Failed: 'username'
2026-02-15 15:56:23,015 - INFO - Cycle completed in 7.43s
2026-02-15 15:56:45,582 - INFO - Running Process Scan...
2026-02-15 15:56:46,435 - INFO - Parsing Windows Logs...
2026-02-15 15:56:46,451 - INFO - Parsing USB Logs...
2026-02-15 15:56:53,048 - INFO - Running ML Anomaly Detection & Active Response...
2026-02-15 15:56:53,070 - ERROR - ML Detection Failed: 'username'
2026-02-15 15:56:53,070 - INFO - Cycle completed in 7.49s
2026-02-15 15:57:15,582 - INFO - Running Process Scan...
2026-02-15 15:57:16,397 - INFO - Parsing Windows Logs...
2026-02-15 15:57:16,413 - INFO - Parsing USB Logs...
2026-02-15 15:57:22,716 - INFO - Running ML Anomaly Detection & Active Response...
2026-02-15 15:57:22,731 - ERROR - ML Detection Failed: 'username'
2026-02-15 15:57:22,731 - INFO - Cycle completed in 7.15s
2026-02-15 15:57:45,583 - INFO - Running Process Scan...
2026-02-15 15:57:46,410 - INFO - Parsing Windows Logs...
2026-02-15 15:57:46,424 - INFO - Parsing USB Logs...
2026-02-15 15:57:53,101 - INFO - Running ML Anomaly Detection & Active Response...
2026-02-15 15:57:53,111 - ERROR - ML Detection Failed: 'username'
2026-02-15 15:57:53,112 - INFO - Cycle completed in 7.53s
2026-02-15 15:58:15,583 - INFO - Running Process Scan...
2026-02-15 15:58:16,508 - INFO - Parsing Windows Logs...
2026-02-15 15:58:16,523 - INFO - Parsing USB Logs...
2026-02-15 15:58:23,204 - INFO - Running ML Anomaly Detection & Active Response...
2026-02-15 15:58:23,215 - ERROR - ML Detection Failed: 'username'
2026-02-15 15:58:23,215 - INFO - Cycle completed in 7.63s
2026-02-15 15:58:45,584 - INFO - Running Process Scan...
2026-02-15 15:58:46,391 - INFO - Parsing Windows Logs...
2026-02-15 15:58:46,405 - INFO - Parsing USB Logs...
2026-02-15 15:58:53,330 - INFO - Running ML Anomaly Detection & Active Response...
2026-02-15 15:58:53,343 - ERROR - ML Detection Failed: 'username'
2026-02-15 15:58:53,344 - INFO - Cycle completed in 7.76s
2026-02-15 15:59:15,585 - INFO - Running Process Scan...
2026-02-15 15:59:16,382 - INFO - Parsing Windows Logs...
2026-02-15 15:59:16,396 - INFO - Parsing USB Logs...
2026-02-15 15:59:23,248 - INFO - Running ML Anomaly Detection & Active Response...
2026-02-15 15:59:23,258 - ERROR - ML Detection Failed: 'username'
2026-02-15 15:59:23,259 - INFO - Cycle completed in 7.67s
2026-02-15 15:59:45,586 - INFO - Running Process Scan...
2026-02-15 15:59:46,443 - INFO - Parsing Windows Logs...
2026-02-15 15:59:46,457 - INFO - Parsing USB Logs...
2026-02-15 15:59:53,250 - INFO - Running ML Anomaly Detection & Active Response...
2026-02-15 15:59:53,261 - ERROR - ML Detection Failed: 'username'
2026-02-15 15:59:53,261 - INFO - Cycle completed in 7.67s
2026-02-15 16:00:15,587 - INFO - Running Process Scan...
2026-02-15 16:00:16,407 - INFO - Parsing Windows Logs...
2026-02-15 16:00:16,421 - INFO - Parsing USB Logs...
2026-02-15 16:00:23,231 - INFO - Running ML Anomaly Detection & Active Response...
2026-02-15 16:00:23,240 - ERROR - ML Detection Failed: 'username'
2026-02-15 16:00:23,240 - INFO - Cycle completed in 7.65s
2026-02-15 16:00:45,587 - INFO - Running Process Scan...
2026-02-15 16:00:46,407 - INFO - Parsing Windows Logs...
2026-02-15 16:00:46,421 - INFO - Parsing USB Logs...
2026-02-15 16:00:53,360 - INFO - Running ML Anomaly Detection & Active Response...
2026-02-15 16:00:53,376 - ERROR - ML Detection Failed: 'username'
2026-02-15 16:00:53,376 - INFO - Cycle completed in 7.79s
2026-02-15 16:01:15,588 - INFO - Running Process Scan...
2026-02-15 16:01:16,412 - INFO - Parsing Windows Logs...
2026-02-15 16:01:16,426 - INFO - Parsing USB Logs...
2026-02-15 16:01:23,070 - INFO - Running ML Anomaly Detection & Active Response...
2026-02-15 16:01:23,084 - ERROR - ML Detection Failed: 'username'
2026-02-15 16:01:23,084 - INFO - Cycle completed in 7.50s
2026-02-15 16:01:45,589 - INFO - Running Process Scan...
2026-02-15 16:01:46,400 - INFO - Parsing Windows Logs...
2026-02-15 16:01:46,414 - INFO - Parsing USB Logs...
2026-02-15 16:01:53,063 - INFO - Running ML Anomaly Detection & Active Response...
2026-02-15 16:01:53,073 - ERROR - ML Detection Failed: 'username'
2026-02-15 16:01:53,074 - INFO - Cycle completed in 7.48s
2026-02-15 16:02:15,590 - INFO - Running Process Scan...
2026-02-15 16:02:16,398 - INFO - Parsing Windows Logs...
2026-02-15 16:02:16,415 - INFO - Parsing USB Logs...
2026-02-15 16:02:22,865 - INFO - Running ML Anomaly Detection & Active Response...
2026-02-15 16:02:22,877 - ERROR - ML Detection Failed: 'username'
2026-02-15 16:02:22,877 - INFO - Cycle completed in 7.29s
2026-02-15 16:02:45,591 - INFO - Running Process Scan...
2026-02-15 16:02:46,408 - INFO - Parsing Windows Logs...
2026-02-15 16:02:46,422 - INFO - Parsing USB Logs...
2026-02-15 16:02:53,090 - INFO - Running ML Anomaly Detection & Active Response...
2026-02-15 16:02:53,101 - ERROR - ML Detection Failed: 'username'
2026-02-15 16:02:53,101 - INFO - Cycle completed in 7.51s
2026-02-15 16:03:15,591 - INFO - Running Process Scan...
2026-02-15 16:03:16,429 - INFO - Parsing Windows Logs...
2026-02-15 16:03:16,444 - INFO - Parsing USB Logs...
2026-02-15 16:03:23,030 - INFO - Running ML Anomaly Detection & Active Response...
2026-02-15 16:03:23,037 - ERROR - ML Detection Failed: 'username'
2026-02-15 16:03:23,038 - INFO - Cycle completed in 7.45s
2026-02-15 16:03:45,592 - INFO - Running Process Scan...
2026-02-15 16:03:46,399 - INFO - Parsing Windows Logs...
2026-02-15 16:03:46,414 - INFO - Parsing USB Logs...
2026-02-15 16:03:53,234 - INFO - Running ML Anomaly Detection & Active Response...
2026-02-15 16:03:53,244 - ERROR - ML Detection Failed: 'username'
2026-02-15 16:03:53,244 - INFO - Cycle completed in 7.65s
2026-02-15 16:04:15,593 - INFO - Running Process Scan...
2026-02-15 16:04:16,389 - INFO - Parsing Windows Logs...
2026-02-15 16:04:16,402 - INFO - Parsing USB Logs...
2026-02-15 16:04:23,095 - INFO - Running ML Anomaly Detection & Active Response...
2026-02-15 16:04:23,111 - ERROR - ML Detection Failed: 'username'
2026-02-15 16:04:23,111 - INFO - Cycle completed in 7.52s
2026-02-15 16:04:45,593 - INFO - Running Process Scan...
2026-02-15 16:04:46,392 - INFO - Parsing Windows Logs...
2026-02-15 16:04:46,407 - INFO - Parsing USB Logs...
2026-02-15 16:04:52,920 - INFO - Running ML Anomaly Detection & Active Response...
2026-02-15 16:04:52,929 - ERROR - ML Detection Failed: 'username'
2026-02-15 16:04:52,929 - INFO - Cycle completed in 7.34s
2026-02-15 16:05:15,594 - INFO - Running Process Scan...
2026-02-15 16:05:16,383 - INFO - Parsing Windows Logs...
2026-02-15 16:05:16,396 - INFO - Parsing USB Logs...
2026-02-15 16:05:22,875 - INFO - Running ML Anomaly Detection & Active Response...
2026-02-15 16:05:22,892 - ERROR - ML Detection Failed: 'username'
2026-02-15 16:05:22,892 - INFO - Cycle completed in 7.30s
2026-02-15 16:05:45,594 - INFO - Running Process Scan...
2026-02-15 16:05:46,416 - INFO - Parsing Windows Logs...
2026-02-15 16:05:46,430 - INFO - Parsing USB Logs...
2026-02-15 16:05:53,508 - INFO - Running ML Anomaly Detection & Active Response...
2026-02-15 16:05:53,521 - ERROR - ML Detection Failed: 'username'
2026-02-15 16:05:53,522 - INFO - Cycle completed in 7.93s
2026-02-15 16:06:15,595 - INFO - Running Process Scan...
2026-02-15 16:06:16,387 - INFO - Parsing Windows Logs...
2026-02-15 16:06:16,402 - INFO - Parsing USB Logs...
2026-02-15 16:06:23,070 - INFO - Running ML Anomaly Detection & Active Response...
2026-02-15 16:06:23,078 - ERROR - ML Detection Failed: 'username'
2026-02-15 16:06:23,078 - INFO - Cycle completed in 7.48s
2026-02-15 16:06:45,596 - INFO - Running Process Scan...
2026-02-15 16:06:46,405 - INFO - Parsing Windows Logs...
2026-02-15 16:06:46,419 - INFO - Parsing USB Logs...
2026-02-15 22:03:14,544 - INFO - Running Process Scan...
2026-02-15 22:03:14,614 - INFO - Parsing Windows Logs...
2026-02-15 22:03:14,768 - INFO - Parsing USB Logs...
2026-02-15 22:03:18,110 - INFO - Running ML Anomaly Detection & Active Response...
2026-02-15 22:03:20,241 - INFO - Cycle completed in 5.70s
2026-02-15 22:39:14,437 - INFO - Running Process Scan...
2026-02-15 22:39:14,762 - INFO - Parsing Windows Logs...
2026-02-15 22:39:15,652 - INFO - Parsing USB Logs...
2026-02-15 22:39:31,625 - INFO - Running ML Anomaly Detection & Active Response...
2026-02-15 22:39:35,108 - INFO - Cycle completed in 20.67s
2026-02-16 12:19:33,703 - INFO - Running Process Scan...
2026-02-16 12:19:33,788 - INFO - Parsing Windows Logs...
2026-02-16 12:19:33,972 - INFO - Parsing USB Logs...
2026-02-16 12:19:37,722 - INFO - Running ML Anomaly Detection & Active Response...
2026-02-16 12:19:39,809 - INFO - Cycle completed in 6.11s
2026-02-16 12:20:03,704 - INFO - Running Process Scan...
2026-02-16 12:20:03,779 - INFO - Parsing Windows Logs...
2026-02-16 12:20:03,894 - INFO - Parsing USB Logs...
2026-02-16 12:20:07,800 - INFO - Running ML Anomaly Detection & Active Response...
2026-02-16 12:20:11,709 - INFO - Cycle completed in 8.01s
2026-02-16 12:20:33,704 - INFO - Running Process Scan...
2026-02-16 12:20:33,771 - INFO - Parsing Windows Logs...
2026-02-16 12:20:33,925 - INFO - Parsing USB Logs...
2026-02-16 12:20:38,355 - INFO - Running ML Anomaly Detection & Active Response...
2026-02-16 12:20:41,209 - INFO - Cycle completed in 7.50s
2026-02-16 12:21:03,705 - INFO - Running Process Scan...
2026-02-16 12:21:03,789 - INFO - Parsing Windows Logs...
2026-02-16 12:21:03,945 - INFO - Parsing USB Logs...
2026-02-16 12:21:07,956 - INFO - Running ML Anomaly Detection & Active Response...
2026-02-16 12:21:10,700 - INFO - Cycle completed in 6.99s
2026-02-16 12:21:33,705 - INFO - Running Process Scan...
2026-02-16 12:21:33,766 - INFO - Parsing Windows Logs...
2026-02-16 12:21:33,936 - INFO - Parsing USB Logs...
2026-02-16 12:21:38,556 - INFO - Running ML Anomaly Detection & Active Response...
2026-02-16 12:21:42,199 - INFO - Cycle completed in 8.49s
2026-02-16 12:22:03,706 - INFO - Running Process Scan...
2026-02-16 12:22:03,789 - INFO - Parsing Windows Logs...
2026-02-16 12:22:03,956 - INFO - Parsing USB Logs...
2026-02-16 12:22:08,513 - INFO - Running ML Anomaly Detection & Active Response...
2026-02-16 12:22:11,300 - INFO - Cycle completed in 7.59s
2026-02-16 12:22:33,707 - INFO - Running Process Scan...
2026-02-16 12:22:33,788 - INFO - Parsing Windows Logs...
2026-02-16 12:22:34,132 - INFO - Parsing USB Logs...
2026-02-16 12:22:38,801 - INFO - Running ML Anomaly Detection & Active Response...
2026-02-16 12:22:41,179 - INFO - Cycle completed in 7.47s
2026-02-16 12:23:03,708 - INFO - Running Process Scan...
2026-02-16 12:23:03,756 - INFO - Parsing Windows Logs...
2026-02-16 12:23:03,892 - INFO - Parsing USB Logs...
2026-02-16 12:23:07,478 - INFO - Running ML Anomaly Detection & Active Response...
2026-02-16 12:23:09,836 - INFO - Cycle completed in 6.13s
2026-02-16 12:23:33,718 - INFO - Running Process Scan...
2026-02-16 12:23:33,852 - INFO - Parsing Windows Logs...
2026-02-16 12:23:34,086 - INFO - Parsing USB Logs...
2026-02-16 12:23:41,168 - INFO - Running ML Anomaly Detection & Active Response...
2026-02-16 12:23:44,669 - INFO - Cycle completed in 10.95s
2026-02-16 12:24:03,722 - INFO - Running Process Scan...
2026-02-16 12:24:03,824 - INFO - Parsing Windows Logs...
2026-02-16 12:24:04,070 - INFO - Parsing USB Logs...
2026-02-16 12:24:11,066 - INFO - Running ML Anomaly Detection & Active Response...
2026-02-16 12:24:14,578 - INFO - Cycle completed in 10.86s
2026-02-16 12:24:33,722 - INFO - Running Process Scan...
2026-02-16 12:24:33,845 - INFO - Parsing Windows Logs...
2026-02-16 12:24:34,056 - INFO - Parsing USB Logs...
2026-02-16 12:24:42,256 - INFO - Running ML Anomaly Detection & Active Response...
2026-02-16 12:24:46,008 - INFO - Cycle completed in 12.29s
2026-02-16 12:25:03,722 - INFO - Running Process Scan...
2026-02-16 12:25:03,841 - INFO - Parsing Windows Logs...
2026-02-16 12:25:04,094 - INFO - Parsing USB Logs...
2026-02-16 12:25:11,530 - INFO - Running ML Anomaly Detection & Active Response...
2026-02-16 12:25:15,218 - INFO - Cycle completed in 11.50s
2026-02-16 12:25:33,724 - INFO - Running Process Scan...
2026-02-16 12:25:33,818 - INFO - Parsing Windows Logs...
2026-02-16 12:25:34,034 - INFO - Parsing USB Logs...
2026-02-16 12:25:41,128 - INFO - Running ML Anomaly Detection & Active Response...
2026-02-16 12:25:45,113 - INFO - Cycle completed in 11.39s
2026-02-16 12:26:03,724 - INFO - Running Process Scan...
2026-02-16 12:26:03,839 - INFO - Parsing Windows Logs...
2026-02-16 12:26:04,087 - INFO - Parsing USB Logs...
2026-02-16 12:26:11,928 - INFO - Running ML Anomaly Detection & Active Response...
2026-02-16 12:26:16,441 - INFO - Cycle completed in 12.72s
2026-02-16 12:26:33,725 - INFO - Running Process Scan...
2026-02-16 12:26:33,878 - INFO - Parsing Windows Logs...
2026-02-16 12:26:34,153 - INFO - Parsing USB Logs...
2026-02-16 12:26:41,319 - INFO - Running ML Anomaly Detection & Active Response...
2026-02-16 12:26:44,918 - INFO - Cycle completed in 11.19s
2026-02-16 12:27:03,725 - INFO - Running Process Scan...
2026-02-16 12:27:03,851 - INFO - Parsing Windows Logs...
2026-02-16 12:27:04,174 - INFO - Parsing USB Logs...
2026-02-16 12:27:11,315 - INFO - Running ML Anomaly Detection & Active Response...
2026-02-16 12:27:15,489 - INFO - Cycle completed in 11.76s
2026-02-16 12:27:33,726 - INFO - Running Process Scan...
2026-02-16 12:27:33,919 - INFO - Parsing Windows Logs...
2026-02-16 12:27:34,119 - INFO - Parsing USB Logs...
2026-02-16 12:27:39,955 - INFO - Running ML Anomaly Detection & Active Response...
2026-02-16 12:27:43,035 - INFO - Cycle completed in 9.31s
2026-02-16 12:28:03,726 - INFO - Running Process Scan...
2026-02-16 12:28:03,897 - INFO - Parsing Windows Logs...
2026-02-16 12:28:04,104 - INFO - Parsing USB Logs...
2026-02-16 12:28:10,162 - INFO - Running ML Anomaly Detection & Active Response...
2026-02-16 12:28:13,041 - INFO - Cycle completed in 9.32s
2026-02-16 12:28:33,727 - INFO - Running Process Scan...
2026-02-16 12:28:33,903 - INFO - Parsing Windows Logs...
2026-02-16 12:28:34,094 - INFO - Parsing USB Logs...
2026-02-16 12:28:40,387 - INFO - Running ML Anomaly Detection & Active Response...
2026-02-16 12:28:45,718 - INFO - Cycle completed in 11.99s
2026-02-16 12:29:03,728 - INFO - Running Process Scan...
2026-02-16 12:29:03,887 - INFO - Parsing Windows Logs...
2026-02-16 12:29:04,168 - INFO - Parsing USB Logs...
2026-02-16 12:29:12,371 - INFO - Running ML Anomaly Detection & Active Response...
2026-02-16 12:29:16,812 - INFO - Cycle completed in 13.08s
2026-02-16 12:29:33,728 - INFO - Running Process Scan...
2026-02-16 12:29:33,966 - INFO - Parsing Windows Logs...
2026-02-16 12:29:34,452 - INFO - Parsing USB Logs...
2026-02-16 12:29:43,809 - INFO - Running ML Anomaly Detection & Active Response...
2026-02-16 12:29:50,879 - INFO - Cycle completed in 17.15s
2026-02-16 12:30:03,733 - INFO - Running Process Scan...
2026-02-16 12:30:03,900 - INFO - Parsing Windows Logs...
2026-02-16 12:30:04,133 - INFO - Parsing USB Logs...
2026-02-16 12:30:11,125 - INFO - Running ML Anomaly Detection & Active Response...
2026-02-16 12:30:15,230 - INFO - Cycle completed in 11.50s
2026-02-16 12:30:33,734 - INFO - Running Process Scan...
2026-02-16 12:30:33,806 - INFO - Parsing Windows Logs...
2026-02-16 12:30:34,042 - INFO - Parsing USB Logs...
2026-02-16 12:30:41,033 - INFO - Running ML Anomaly Detection & Active Response...
2026-02-16 12:30:45,708 - INFO - Cycle completed in 11.97s
2026-02-16 12:31:03,736 - INFO - Running Process Scan...
2026-02-16 12:31:03,829 - INFO - Parsing Windows Logs...
2026-02-16 12:31:04,068 - INFO - Parsing USB Logs...
2026-02-16 12:31:09,940 - INFO - Running ML Anomaly Detection & Active Response...
2026-02-16 12:31:13,007 - INFO - Cycle completed in 9.27s
2026-02-16 12:31:33,736 - INFO - Running Process Scan...
2026-02-16 12:31:33,947 - INFO - Parsing Windows Logs...
2026-02-16 12:31:34,205 - INFO - Parsing USB Logs...
2026-02-16 12:31:41,232 - INFO - Running ML Anomaly Detection & Active Response...
2026-02-16 12:31:45,370 - INFO - Cycle completed in 11.63s
2026-02-16 12:32:03,738 - INFO - Running Process Scan...
2026-02-16 12:32:03,861 - INFO - Parsing Windows Logs...
2026-02-16 12:32:04,087 - INFO - Parsing USB Logs...
2026-02-16 12:32:11,269 - INFO - Running ML Anomaly Detection & Active Response...
2026-02-16 12:32:17,776 - INFO - Cycle completed in 14.04s
2026-02-16 12:32:33,738 - INFO - Running Process Scan...
2026-02-16 12:32:33,843 - INFO - Parsing Windows Logs...
2026-02-16 12:32:34,072 - INFO - Parsing USB Logs...
2026-02-16 12:32:41,774 - INFO - Running ML Anomaly Detection & Active Response...
2026-02-16 12:32:47,136 - INFO - Cycle completed in 13.40s
2026-02-16 12:33:03,738 - INFO - Running Process Scan...
2026-02-16 12:33:03,835 - INFO - Parsing Windows Logs...
2026-02-16 12:33:04,158 - INFO - Parsing USB Logs...
2026-02-16 12:33:11,213 - INFO - Running ML Anomaly Detection & Active Response...
2026-02-16 12:33:13,968 - INFO - Cycle completed in 10.23s
2026-02-16 12:33:33,775 - INFO - Running Process Scan...
2026-02-16 12:33:34,160 - INFO - Parsing Windows Logs...
2026-02-16 12:33:34,407 - INFO - Parsing USB Logs...
2026-02-16 12:33:41,249 - INFO - Running ML Anomaly Detection & Active Response...
2026-02-16 12:33:45,601 - INFO - Cycle completed in 11.83s
2026-02-16 12:34:03,776 - INFO - Running Process Scan...
2026-02-16 12:34:03,901 - INFO - Parsing Windows Logs...
2026-02-16 12:34:04,174 - INFO - Parsing USB Logs...
2026-02-16 12:34:12,022 - INFO - Running ML Anomaly Detection & Active Response...
2026-02-16 12:34:16,369 - INFO - Cycle completed in 12.59s
2026-02-16 12:34:33,777 - INFO - Running Process Scan...
2026-02-16 12:34:33,851 - INFO - Parsing Windows Logs...
2026-02-16 12:34:34,092 - INFO - Parsing USB Logs...
2026-02-16 12:34:42,097 - INFO - Running ML Anomaly Detection & Active Response...
2026-02-16 12:34:45,028 - INFO - Cycle completed in 11.25s
2026-02-16 12:35:03,778 - INFO - Running Process Scan...
2026-02-16 12:35:03,855 - INFO - Parsing Windows Logs...
2026-02-16 12:35:04,147 - INFO - Parsing USB Logs...
2026-02-16 12:35:11,006 - INFO - Running ML Anomaly Detection & Active Response...
2026-02-16 12:35:15,399 - INFO - Cycle completed in 11.62s
2026-02-16 12:35:33,779 - INFO - Running Process Scan...
2026-02-16 12:35:33,880 - INFO - Parsing Windows Logs...
2026-02-16 12:35:34,101 - INFO - Parsing USB Logs...
2026-02-16 12:35:41,384 - INFO - Running ML Anomaly Detection & Active Response...
2026-02-16 12:35:48,198 - INFO - Cycle completed in 14.42s
2026-02-16 12:36:03,779 - INFO - Running Process Scan...
2026-02-16 12:36:03,923 - INFO - Parsing Windows Logs...
2026-02-16 12:36:04,526 - INFO - Parsing USB Logs...
2026-02-16 12:36:12,568 - INFO - Running ML Anomaly Detection & Active Response...
2026-02-16 12:36:17,286 - INFO - Cycle completed in 13.51s
2026-02-16 12:36:33,780 - INFO - Running Process Scan...
2026-02-16 12:36:33,879 - INFO - Parsing Windows Logs...
2026-02-16 12:36:34,108 - INFO - Parsing USB Logs...
2026-02-16 12:36:42,807 - INFO - Running ML Anomaly Detection & Active Response...
2026-02-16 12:36:52,392 - INFO - Cycle completed in 18.61s
2026-02-16 12:37:03,781 - INFO - Running Process Scan...
2026-02-16 12:37:03,988 - INFO - Parsing Windows Logs...
2026-02-16 12:37:04,245 - INFO - Parsing USB Logs...
2026-02-16 12:37:12,550 - INFO - Running ML Anomaly Detection & Active Response...
2026-02-16 12:37:17,544 - INFO - Cycle completed in 13.76s
2026-02-16 12:37:33,781 - INFO - Running Process Scan...
2026-02-16 12:37:33,908 - INFO - Parsing Windows Logs...
2026-02-16 12:37:34,238 - INFO - Parsing USB Logs...
2026-02-16 12:37:42,022 - INFO - Running ML Anomaly Detection & Active Response...
2026-02-16 12:37:47,025 - INFO - Cycle completed in 13.24s
2026-02-16 12:38:03,781 - INFO - Running Process Scan...
2026-02-16 12:38:03,892 - INFO - Parsing Windows Logs...
2026-02-16 12:38:04,117 - INFO - Parsing USB Logs...
2026-02-16 12:38:11,361 - INFO - Running ML Anomaly Detection & Active Response...
2026-02-16 12:38:16,557 - INFO - Cycle completed in 12.78s
2026-02-16 12:38:33,782 - INFO - Running Process Scan...
2026-02-16 12:38:34,032 - INFO - Parsing Windows Logs...
2026-02-16 12:38:34,277 - INFO - Parsing USB Logs...
2026-02-16 12:38:43,666 - INFO - Running ML Anomaly Detection & Active Response...
2026-02-16 12:38:48,043 - INFO - Cycle completed in 14.26s
2026-02-16 12:39:03,783 - INFO - Running Process Scan...
2026-02-16 12:39:03,891 - INFO - Parsing Windows Logs...
2026-02-16 12:39:04,110 - INFO - Parsing USB Logs...
2026-02-16 12:39:11,456 - INFO - Running ML Anomaly Detection & Active Response...
2026-02-16 12:39:15,187 - INFO - Cycle completed in 11.40s
2026-02-16 12:39:33,783 - INFO - Running Process Scan...
2026-02-16 12:39:33,899 - INFO - Parsing Windows Logs...
2026-02-16 12:39:34,161 - INFO - Parsing USB Logs...
2026-02-16 12:39:42,245 - INFO - Running ML Anomaly Detection & Active Response...
2026-02-16 12:39:46,847 - INFO - Cycle completed in 13.06s
2026-02-16 12:40:03,784 - INFO - Running Process Scan...
2026-02-16 12:40:03,899 - INFO - Parsing Windows Logs...
2026-02-16 12:40:04,190 - INFO - Parsing USB Logs...
2026-02-16 12:40:11,918 - INFO - Running ML Anomaly Detection & Active Response...
2026-02-16 12:40:16,984 - INFO - Cycle completed in 13.20s
2026-02-16 12:40:33,785 - INFO - Running Process Scan...
2026-02-16 12:40:33,911 - INFO - Parsing Windows Logs...
2026-02-16 12:40:34,162 - INFO - Parsing USB Logs...
2026-02-16 12:40:41,780 - INFO - Running ML Anomaly Detection & Active Response...
2026-02-16 12:40:47,755 - INFO - Cycle completed in 13.97s
2026-02-16 12:41:03,788 - INFO - Running Process Scan...
2026-02-16 12:41:04,044 - INFO - Parsing Windows Logs...
2026-02-16 12:41:04,483 - INFO - Parsing USB Logs...
2026-02-16 12:41:14,999 - INFO - Running ML Anomaly Detection & Active Response...
2026-02-16 12:41:21,387 - INFO - Cycle completed in 17.60s
2026-02-16 12:41:33,789 - INFO - Running Process Scan...
2026-02-16 12:41:33,896 - INFO - Parsing Windows Logs...
2026-02-16 12:41:34,149 - INFO - Parsing USB Logs...
2026-02-16 12:41:41,409 - INFO - Running ML Anomaly Detection & Active Response...
2026-02-16 12:41:45,367 - INFO - Cycle completed in 11.58s
2026-02-16 12:42:03,789 - INFO - Running Process Scan...
2026-02-16 12:42:03,928 - INFO - Parsing Windows Logs...
2026-02-16 12:42:04,264 - INFO - Parsing USB Logs...
2026-02-16 12:42:12,441 - INFO - Running ML Anomaly Detection & Active Response...
2026-02-16 12:42:17,172 - INFO - Cycle completed in 13.38s
2026-02-16 12:42:33,790 - INFO - Running Process Scan...
2026-02-16 12:42:33,895 - INFO - Parsing Windows Logs...
2026-02-16 12:42:34,177 - INFO - Parsing USB Logs...
2026-02-16 12:42:41,461 - INFO - Running ML Anomaly Detection & Active Response...
2026-02-16 12:42:45,492 - INFO - Cycle completed in 11.70s
2026-02-16 12:43:03,791 - INFO - Running Process Scan...
2026-02-16 12:43:03,919 - INFO - Parsing Windows Logs...
2026-02-16 12:43:04,131 - INFO - Parsing USB Logs...
2026-02-16 12:43:10,875 - INFO - Running ML Anomaly Detection & Active Response...
2026-02-16 12:43:15,480 - INFO - Cycle completed in 11.69s
2026-02-16 12:43:33,792 - INFO - Running Process Scan...
2026-02-16 12:43:33,900 - INFO - Parsing Windows Logs...
2026-02-16 12:43:34,120 - INFO - Parsing USB Logs...
2026-02-16 12:43:41,432 - INFO - Running ML Anomaly Detection & Active Response...
2026-02-16 12:43:44,202 - INFO - Cycle completed in 10.41s
2026-02-16 12:44:03,792 - INFO - Running Process Scan...
2026-02-16 12:44:04,004 - INFO - Parsing Windows Logs...
2026-02-16 12:44:04,213 - INFO - Parsing USB Logs...
2026-02-16 12:44:10,702 - INFO - Running ML Anomaly Detection & Active Response...
2026-02-16 12:44:17,429 - INFO - Cycle completed in 13.64s
2026-02-16 12:44:33,793 - INFO - Running Process Scan...
2026-02-16 12:44:34,137 - INFO - Parsing Windows Logs...
2026-02-16 12:44:34,432 - INFO - Parsing USB Logs...
2026-02-16 12:44:42,958 - INFO - Running ML Anomaly Detection & Active Response...
2026-02-16 12:44:49,520 - INFO - Cycle completed in 15.73s
2026-02-16 12:45:03,794 - INFO - Running Process Scan...
2026-02-16 12:45:03,903 - INFO - Parsing Windows Logs...
2026-02-16 12:45:04,196 - INFO - Parsing USB Logs...
2026-02-16 12:45:13,998 - INFO - Running ML Anomaly Detection & Active Response...
2026-02-16 12:45:16,804 - INFO - Cycle completed in 13.01s
2026-02-16 12:45:33,795 - INFO - Running Process Scan...
2026-02-16 12:45:34,009 - INFO - Parsing Windows Logs...
2026-02-16 12:45:34,235 - INFO - Parsing USB Logs...
2026-02-16 12:45:40,089 - INFO - Running ML Anomaly Detection & Active Response...
2026-02-16 12:45:42,957 - INFO - Cycle completed in 9.16s
2026-02-16 12:46:03,795 - INFO - Running Process Scan...
2026-02-16 12:46:03,943 - INFO - Parsing Windows Logs...
2026-02-16 12:46:04,148 - INFO - Parsing USB Logs...
2026-02-16 12:46:10,470 - INFO - Running ML Anomaly Detection & Active Response...
2026-02-16 12:46:15,323 - INFO - Cycle completed in 11.53s
2026-02-16 12:46:33,803 - INFO - Running Process Scan...
2026-02-16 12:46:34,250 - INFO - Parsing Windows Logs...
2026-02-16 12:46:34,801 - INFO - Parsing USB Logs...
2026-02-16 12:46:42,216 - INFO - Running ML Anomaly Detection & Active Response...
2026-02-16 12:46:45,589 - INFO - Cycle completed in 11.79s
2026-02-16 12:47:03,804 - INFO - Running Process Scan...
2026-02-16 12:47:03,930 - INFO - Parsing Windows Logs...
2026-02-16 12:47:04,654 - INFO - Parsing USB Logs...
2026-02-16 12:47:12,255 - INFO - Running ML Anomaly Detection & Active Response...
2026-02-16 12:47:30,406 - INFO - Cycle completed in 26.60s
2026-02-16 12:47:33,805 - INFO - Running Process Scan...
2026-02-16 12:47:34,023 - INFO - Parsing Windows Logs...
2026-02-16 12:47:34,254 - INFO - Parsing USB Logs...
2026-02-16 12:47:41,094 - INFO - Running ML Anomaly Detection & Active Response...
2026-02-16 12:47:48,762 - INFO - Cycle completed in 14.96s
2026-02-16 12:48:03,807 - INFO - Running Process Scan...
2026-02-16 12:48:04,010 - INFO - Parsing Windows Logs...
2026-02-16 12:48:04,248 - INFO - Parsing USB Logs...
2026-02-16 12:48:10,801 - INFO - Running ML Anomaly Detection & Active Response...
2026-02-16 12:48:15,748 - INFO - Cycle completed in 11.94s
2026-02-16 12:48:33,808 - INFO - Running Process Scan...
2026-02-16 12:48:33,903 - INFO - Parsing Windows Logs...
2026-02-16 12:48:34,102 - INFO - Parsing USB Logs...
2026-02-16 12:48:41,133 - INFO - Running ML Anomaly Detection & Active Response...
2026-02-16 12:48:44,131 - INFO - Cycle completed in 10.32s
2026-02-16 12:49:03,809 - INFO - Running Process Scan...
2026-02-16 12:49:04,017 - INFO - Parsing Windows Logs...
2026-02-16 12:49:04,214 - INFO - Parsing USB Logs...
2026-02-16 12:49:11,180 - INFO - Running ML Anomaly Detection & Active Response...
2026-02-16 12:49:14,773 - INFO - Cycle completed in 10.96s
2026-02-16 12:57:20,174 - INFO - Running Process Scan...
2026-02-16 12:57:20,286 - INFO - Parsing Windows Logs...
2026-02-16 12:57:20,684 - INFO - Parsing USB Logs...
2026-02-16 12:57:27,923 - INFO - Running ML Anomaly Detection & Active Response...
2026-02-16 12:57:31,608 - INFO - Cycle completed in 11.43s
2026-02-16 12:57:50,176 - INFO - Running Process Scan...
2026-02-16 12:57:50,277 - INFO - Parsing Windows Logs...
2026-02-16 12:57:50,515 - INFO - Parsing USB Logs...
2026-02-16 12:57:56,895 - INFO - Running ML Anomaly Detection & Active Response...
2026-02-16 12:57:59,962 - INFO - Cycle completed in 9.79s
2026-02-16 12:58:20,178 - INFO - Running Process Scan...
2026-02-16 12:58:20,281 - INFO - Parsing Windows Logs...
2026-02-16 12:58:20,568 - INFO - Parsing USB Logs...
2026-02-16 12:58:28,636 - INFO - Running ML Anomaly Detection & Active Response...
2026-02-16 12:58:36,850 - INFO - Cycle completed in 16.67s
2026-02-16 12:58:50,178 - INFO - Running Process Scan...
2026-02-16 12:58:50,311 - INFO - Parsing Windows Logs...
2026-02-16 12:58:50,760 - INFO - Parsing USB Logs...
2026-02-16 12:59:03,870 - INFO - Running ML Anomaly Detection & Active Response...
2026-02-16 18:00:57,236 - INFO - Running Process Scan...
2026-02-16 18:00:57,326 - INFO - Parsing Windows Logs...
2026-02-16 18:00:57,535 - INFO - Parsing USB Logs...
2026-02-16 18:01:03,998 - INFO - Running ML Anomaly Detection & Active Response...
2026-02-16 18:01:06,512 - INFO - Cycle completed in 9.28s
2026-02-16 19:07:29,647 - INFO - Running Process Scan...
2026-02-16 19:07:31,906 - INFO - Parsing Windows Logs...
2026-02-16 19:07:32,175 - INFO - Parsing USB Logs...
2026-02-16 19:07:38,593 - INFO - Running ML Anomaly Detection & Active Response...
2026-02-16 19:07:41,126 - INFO - Cycle completed in 11.48s
2026-02-17 12:05:21,364 - INFO - Running Process Scan...
2026-02-17 12:05:23,553 - INFO - Parsing Windows Logs...
2026-02-17 12:05:23,708 - INFO - Parsing USB Logs...
2026-02-17 12:05:30,633 - INFO - Running ML Anomaly Detection & Active Response...
2026-02-17 12:05:32,147 - INFO - Cycle completed in 10.78s
2026-02-17 12:05:51,365 - INFO - Running Process Scan...
2026-02-17 12:05:53,534 - INFO - Parsing Windows Logs...
2026-02-17 12:05:53,669 - INFO - Parsing USB Logs...
2026-02-17 12:05:57,036 - INFO - Running ML Anomaly Detection & Active Response...
2026-02-17 12:05:58,564 - INFO - Cycle completed in 7.20s
2026-02-17 12:19:02,913 - INFO - Running Process Scan...
2026-02-17 12:19:05,106 - INFO - Parsing Windows Logs...
2026-02-17 12:19:05,252 - INFO - Parsing USB Logs...
2026-02-17 12:19:12,412 - INFO - Running ML Anomaly Detection & Active Response...
2026-02-17 12:19:13,956 - INFO - Cycle completed in 11.04s
2026-02-17 12:52:03,035 - INFO - Running Process Scan...
2026-02-17 12:52:05,237 - INFO - Parsing Windows Logs...
2026-02-17 12:52:05,395 - INFO - Parsing USB Logs...
2026-02-17 12:52:13,060 - INFO - Running ML Anomaly Detection & Active Response...
2026-02-17 12:52:14,731 - INFO - Cycle completed in 11.70s
2026-02-17 13:24:34,949 - INFO - Running Process Scan...
2026-02-17 13:24:37,153 - INFO - Parsing Windows Logs...
2026-02-17 13:24:37,342 - INFO - Parsing USB Logs...
2026-02-17 13:24:47,494 - INFO - Running ML Anomaly Detection & Active Response...
2026-02-17 13:24:49,461 - INFO - Cycle completed in 14.51s
2026-02-17 13:25:04,950 - INFO - Running Process Scan...
2026-02-17 13:25:07,161 - INFO - Parsing Windows Logs...
2026-02-17 13:25:07,361 - INFO - Parsing USB Logs...
2026-02-17 13:25:12,234 - INFO - Running ML Anomaly Detection & Active Response...
2026-02-17 13:25:14,153 - INFO - Cycle completed in 9.20s
2026-02-17 13:58:01,589 - INFO - Running Process Scan...
2026-02-17 13:58:03,857 - INFO - Parsing Windows Logs...
2026-02-17 13:58:04,111 - INFO - Parsing USB Logs...
2026-02-17 13:58:17,728 - INFO - Running ML Anomaly Detection & Active Response...
2026-02-17 13:58:21,216 - INFO - Running BERT Semantic Analysis...
2026-02-17 13:58:21,397 - INFO - Cycle completed in 19.81s
2026-02-17 13:58:31,590 - INFO - Running Process Scan...
2026-02-17 13:58:33,774 - INFO - Parsing Windows Logs...
2026-02-17 13:58:34,012 - INFO - Parsing USB Logs...
2026-02-17 13:58:38,689 - INFO - Running ML Anomaly Detection & Active Response...
2026-02-17 13:58:41,814 - INFO - Running BERT Semantic Analysis...
2026-02-17 13:58:41,998 - INFO - Cycle completed in 10.41s
2026-02-17 13:59:01,590 - INFO - Running Process Scan...
2026-02-18 12:32:00,532 - INFO - Use pytorch device_name: cpu
2026-02-18 12:32:00,534 - INFO - Load pretrained SentenceTransformer: all-MiniLM-L6-v2
2026-02-18 12:32:00,960 - WARNING - '[Errno 11001] getaddrinfo failed' thrown while requesting HEAD https://huggingface.co/sentence-transformers/all-MiniLM-L6-v2/resolve/main/adapter_config.json
2026-02-18 12:32:00,960 - WARNING - Retrying in 1s [Retry 1/5].
2026-02-18 12:32:01,982 - INFO - Running Process Scan...
2026-02-18 12:32:02,042 - INFO - Parsing Windows Logs...
2026-02-18 12:32:02,059 - INFO - Parsing USB Logs...
2026-02-18 12:32:05,542 - INFO - Running ML Anomaly Detection & Active Response...
2026-02-18 12:32:06,341 - ERROR - Failed to load profiles: Expecting ',' delimiter: line 264 column 10 (char 5830)
2026-02-18 12:32:11,391 - INFO - Running BERT Semantic Analysis...
2026-02-18 12:32:11,665 - INFO - Cycle completed in 9.68s
2026-02-18 12:32:31,982 - INFO - Running Process Scan...
2026-02-18 12:32:32,028 - INFO - Parsing Windows Logs...
2026-02-18 12:32:32,041 - INFO - Parsing USB Logs...
2026-02-18 12:32:35,082 - INFO - Running ML Anomaly Detection & Active Response...
2026-02-18 12:32:39,473 - INFO - Running BERT Semantic Analysis...
2026-02-18 12:32:39,683 - INFO - Cycle completed in 7.70s
2026-02-18 12:33:01,983 - INFO - Running Process Scan...
2026-02-18 12:33:02,026 - INFO - Parsing Windows Logs...
2026-02-18 12:33:02,039 - INFO - Parsing USB Logs...
2026-02-18 12:33:05,905 - INFO - Running ML Anomaly Detection & Active Response...
2026-02-18 12:37:13,692 - INFO - Use pytorch device_name: cpu
2026-02-18 12:37:13,692 - INFO - Load pretrained SentenceTransformer: all-MiniLM-L6-v2
2026-02-18 12:37:14,633 - INFO - HTTP Request: HEAD https://huggingface.co/sentence-transformers/all-MiniLM-L6-v2/resolve/main/modules.json "HTTP/1.1 307 Temporary Redirect"
2026-02-18 12:37:14,731 - INFO - HTTP Request: HEAD https://huggingface.co/api/resolve-cache/models/sentence-transformers/all-MiniLM-L6-v2/c9745ed1d9f207416be6d2e6f8de32d1f16199bf/modules.json "HTTP/1.1 200 OK"
2026-02-18 12:37:15,129 - INFO - HTTP Request: HEAD https://huggingface.co/sentence-transformers/all-MiniLM-L6-v2/resolve/main/config_sentence_transformers.json "HTTP/1.1 307 Temporary Redirect"
2026-02-18 12:37:15,334 - INFO - HTTP Request: HEAD https://huggingface.co/api/resolve-cache/models/sentence-transformers/all-MiniLM-L6-v2/c9745ed1d9f207416be6d2e6f8de32d1f16199bf/config_sentence_transformers.json "HTTP/1.1 200 OK"
2026-02-18 12:37:15,743 - INFO - HTTP Request: HEAD https://huggingface.co/sentence-transformers/all-MiniLM-L6-v2/resolve/main/config_sentence_transformers.json "HTTP/1.1 307 Temporary Redirect"
2026-02-18 12:37:15,950 - INFO - HTTP Request: HEAD https://huggingface.co/api/resolve-cache/models/sentence-transformers/all-MiniLM-L6-v2/c9745ed1d9f207416be6d2e6f8de32d1f16199bf/config_sentence_transformers.json "HTTP/1.1 200 OK"
2026-02-18 12:37:16,269 - INFO - HTTP Request: HEAD https://huggingface.co/sentence-transformers/all-MiniLM-L6-v2/resolve/main/README.md "HTTP/1.1 307 Temporary Redirect"
2026-02-18 12:37:16,408 - INFO - HTTP Request: HEAD https://huggingface.co/api/resolve-cache/models/sentence-transformers/all-MiniLM-L6-v2/c9745ed1d9f207416be6d2e6f8de32d1f16199bf/README.md "HTTP/1.1 200 OK"
2026-02-18 12:37:16,767 - INFO - HTTP Request: HEAD https://huggingface.co/sentence-transformers/all-MiniLM-L6-v2/resolve/main/modules.json "HTTP/1.1 307 Temporary Redirect"
2026-02-18 12:37:16,922 - INFO - HTTP Request: HEAD https://huggingface.co/api/resolve-cache/models/sentence-transformers/all-MiniLM-L6-v2/c9745ed1d9f207416be6d2e6f8de32d1f16199bf/modules.json "HTTP/1.1 200 OK"
2026-02-18 12:37:17,279 - INFO - HTTP Request: HEAD https://huggingface.co/sentence-transformers/all-MiniLM-L6-v2/resolve/main/sentence_bert_config.json "HTTP/1.1 307 Temporary Redirect"
2026-02-18 12:37:17,371 - INFO - HTTP Request: HEAD https://huggingface.co/api/resolve-cache/models/sentence-transformers/all-MiniLM-L6-v2/c9745ed1d9f207416be6d2e6f8de32d1f16199bf/sentence_bert_config.json "HTTP/1.1 200 OK"
2026-02-18 12:37:17,791 - INFO - HTTP Request: HEAD https://huggingface.co/sentence-transformers/all-MiniLM-L6-v2/resolve/main/adapter_config.json "HTTP/1.1 404 Not Found"
2026-02-18 12:37:18,214 - INFO - HTTP Request: HEAD https://huggingface.co/sentence-transformers/all-MiniLM-L6-v2/resolve/main/config.json "HTTP/1.1 307 Temporary Redirect"
2026-02-18 12:37:18,357 - INFO - HTTP Request: HEAD https://huggingface.co/api/resolve-cache/models/sentence-transformers/all-MiniLM-L6-v2/c9745ed1d9f207416be6d2e6f8de32d1f16199bf/config.json "HTTP/1.1 200 OK"
2026-02-18 12:37:18,991 - INFO - HTTP Request: HEAD https://huggingface.co/sentence-transformers/all-MiniLM-L6-v2/resolve/main/config.json "HTTP/1.1 307 Temporary Redirect"
2026-02-18 12:37:19,082 - INFO - HTTP Request: HEAD https://huggingface.co/api/resolve-cache/models/sentence-transformers/all-MiniLM-L6-v2/c9745ed1d9f207416be6d2e6f8de32d1f16199bf/config.json "HTTP/1.1 200 OK"
2026-02-18 12:37:19,383 - INFO - HTTP Request: HEAD https://huggingface.co/sentence-transformers/all-MiniLM-L6-v2/resolve/main/tokenizer_config.json "HTTP/1.1 307 Temporary Redirect"
2026-02-18 12:37:19,470 - INFO - HTTP Request: HEAD https://huggingface.co/api/resolve-cache/models/sentence-transformers/all-MiniLM-L6-v2/c9745ed1d9f207416be6d2e6f8de32d1f16199bf/tokenizer_config.json "HTTP/1.1 200 OK"
2026-02-18 12:37:19,841 - INFO - HTTP Request: GET https://huggingface.co/api/models/sentence-transformers/all-MiniLM-L6-v2/tree/main/additional_chat_templates?recursive=false&expand=false "HTTP/1.1 404 Not Found"
2026-02-18 12:37:20,207 - INFO - HTTP Request: GET https://huggingface.co/api/models/sentence-transformers/all-MiniLM-L6-v2/tree/main?recursive=true&expand=false "HTTP/1.1 200 OK"
2026-02-18 12:37:20,665 - INFO - HTTP Request: HEAD https://huggingface.co/sentence-transformers/all-MiniLM-L6-v2/resolve/main/1_Pooling/config.json "HTTP/1.1 307 Temporary Redirect"
2026-02-18 12:37:20,771 - INFO - HTTP Request: HEAD https://huggingface.co/api/resolve-cache/models/sentence-transformers/all-MiniLM-L6-v2/c9745ed1d9f207416be6d2e6f8de32d1f16199bf/1_Pooling%2Fconfig.json "HTTP/1.1 200 OK"
2026-02-18 12:37:21,171 - INFO - HTTP Request: GET https://huggingface.co/api/models/sentence-transformers/all-MiniLM-L6-v2 "HTTP/1.1 200 OK"
2026-02-18 12:37:21,199 - INFO - Running Process Scan...
2026-02-18 12:37:23,366 - INFO - Parsing Windows Logs...
2026-02-18 12:37:23,518 - INFO - Parsing USB Logs...
2026-02-18 12:37:27,032 - INFO - Running ML Anomaly Detection & Active Response...
2026-02-18 12:37:28,368 - INFO - Running BERT Semantic Analysis...
2026-02-18 12:37:43,244 - INFO - Cycle completed in 22.04s
2026-02-18 12:37:51,200 - INFO - Running Process Scan...
2026-02-18 12:37:53,346 - INFO - Parsing Windows Logs...
2026-02-18 12:37:53,455 - INFO - Parsing USB Logs...
2026-02-18 12:37:56,559 - INFO - Running ML Anomaly Detection & Active Response...
2026-02-18 12:37:57,702 - INFO - Running BERT Semantic Analysis...
